#
# A fatal error has been detected by the Java Runtime Environment:
#
#  EXCEPTION_ACCESS_VIOLATION (0xc0000005) at pc=0x00007ffb48ab6721, pid=12560, tid=248
#
# JRE version: OpenJDK Runtime Environment (14.0.2+12) (build 14.0.2+12-46)
# Java VM: OpenJDK 64-Bit Server VM (14.0.2+12-46, mixed mode, tiered, compressed oops, g1 gc, windows-amd64)
# Problematic frame:
# V  [jvm.dll+0x206721]
#
# No core dump will be written. Minidumps are not enabled by default on client versions of Windows
#
# If you would like to submit a bug report, please visit:
#   https://bugreport.java.com/bugreport/crash.jsp
#

---------------  S U M M A R Y ------------

Command Line: -XX:+ShowCodeDetailsInExceptionMessages -agentlib:jdwp=transport=dt_socket,suspend=y,address=localhost:54237 -javaagent:C:\Users\User\eclipse-installer\java-2020-0912\eclipse\configuration\org.eclipse.osgi\215\0\.cp\lib\javaagent-shaded.jar -Dfile.encoding=Cp1252 revisao.main

Host: Intel(R) Core(TM) i7-6500U CPU @ 2.50GHz, 4 cores, 7G,  Windows 10 , 64 bit Build 19041 (10.0.19041.928)
Time: Sun Apr 18 10:38:24 2021 Hora oficial do Brasil elapsed time: 6351 seconds (0d 1h 45m 51s)

---------------  T H R E A D  ---------------

Current thread (0x000001fcff824000):  JavaThread "JDWP Transport Listener: dt_socket" daemon [_thread_in_vm, id=248, stack(0x0000000f15700000,0x0000000f15800000)] _threads_hazard_ptr=0x000001fcff9fb240

Stack: [0x0000000f15700000,0x0000000f15800000],  sp=0x0000000f157fe780,  free space=1017k
Native frames: (J=compiled Java code, j=interpreted, Vv=VM code, C=native code)
V  [jvm.dll+0x206721]
V  [jvm.dll+0x2ef310]
V  [jvm.dll+0x2f1005]
V  [jvm.dll+0x2f18fe]
V  [jvm.dll+0x2ef19c]
V  [jvm.dll+0x2ee3d2]
V  [jvm.dll+0x5e7b55]
V  [jvm.dll+0x5e78dd]
V  [jvm.dll+0x5af8e3]
V  [jvm.dll+0x739aef]
V  [jvm.dll+0x4bee61]
V  [jvm.dll+0x74908b]
V  [jvm.dll+0x4a54ee]
V  [jvm.dll+0x46ee7b]
C  [jdwp.dll+0x7bbc]


siginfo: EXCEPTION_ACCESS_VIOLATION (0xc0000005), reading address 0x000001fcff49c34a


Register to memory mapping:

RIP=0x00007ffb48ab6721 jvm.dll
RAX=0x000000000000e852 is an unknown value
RBX=0x000001fcff428078 is pointing into metadata
RCX=0x000001fcff428410 is pointing into metadata
RDX=0x000000000000e852 is an unknown value
RSP=0x0000000f157fe780 is pointing into the stack for thread: 0x000001fcff824000
RBP=0x0000000f157fed20 is pointing into the stack for thread: 0x000001fcff824000
RSI=0x0000000f157fee90 is pointing into the stack for thread: 0x000001fcff824000
RDI=0x0000000f157fee90 is pointing into the stack for thread: 0x000001fcff824000
R8 =0x0 is NULL
R9 =0x000001fcff428078 is pointing into metadata
R10=0x00007ffb488b0000 jvm.dll
R11=0x0000000f157fec40 is pointing into the stack for thread: 0x000001fcff824000
R12=0x000001fcff79a310 points into unknown readable memory: 00 c9 21 00 00 00 00 00
R13=0x0 is NULL
R14=0x000001fcff428379 is pointing into metadata
R15=0x000000000000001d is an unknown value


Registers:
RAX=0x000000000000e852, RBX=0x000001fcff428078, RCX=0x000001fcff428410, RDX=0x000000000000e852
RSP=0x0000000f157fe780, RBP=0x0000000f157fed20, RSI=0x0000000f157fee90, RDI=0x0000000f157fee90
R8 =0x0000000000000000, R9 =0x000001fcff428078, R10=0x00007ffb488b0000, R11=0x0000000f157fec40
R12=0x000001fcff79a310, R13=0x0000000000000000, R14=0x000001fcff428379, R15=0x000000000000001d
RIP=0x00007ffb48ab6721, EFLAGS=0x0000000000010206

Top of Stack: (sp=0x0000000f157fe780)
0x0000000f157fe780:   0000000f157fe7e0 0000000000000000
0x0000000f157fe790:   0000000000000000 0000000000000000
0x0000000f157fe7a0:   0000000000000000 00007ffb48b9f310
0x0000000f157fe7b0:   0000000000000000 0000000f157fee90
0x0000000f157fe7c0:   0000000000000000 0000000000000000
0x0000000f157fe7d0:   0000000000000000 0000000000000000
0x0000000f157fe7e0:   00007ffb49105730 000001fcfeba1f20
0x0000000f157fe7f0:   0000000000000002 000000000000000c
0x0000000f157fe800:   0000000f157fe820 0000000000000001
0x0000000f157fe810:   0000000046000016 0000000000000000
0x0000000f157fe820:   4fffffff4fffffff 0000000000000000
0x0000000f157fe830:   0000000000000000 0000000000000000
0x0000000f157fe840:   0000000000000000 0000000000000000
0x0000000f157fe850:   0000000000000000 0000000000000000
0x0000000f157fe860:   0000000000000000 0000000000000000
0x0000000f157fe870:   0000000000000000 0000000000000000 

Instructions: (pc=0x00007ffb48ab6721)
0x00007ffb48ab6621:   40 84 f6 75 18 48 8b 4f 10 48 85 c9 74 0f 48 8d
0x00007ffb48ab6631:   43 01 48 c1 e0 05 48 8b 04 08 0f b7 d8 48 8b 74
0x00007ffb48ab6641:   24 38 48 63 c3 48 8b 5c 24 30 0f b7 44 c7 40 48
0x00007ffb48ab6651:   83 c4 20 5f c3 cc cc cc cc cc cc cc cc cc cc 4c
0x00007ffb48ab6661:   8b c9 45 84 c0 75 42 48 8b 49 10 48 85 c9 74 39
0x00007ffb48ab6671:   85 d2 79 1a f7 d2 48 63 c2 48 ff c0 48 c1 e0 05
0x00007ffb48ab6681:   48 8b 04 08 0f b7 c8 41 0f b7 44 c9 42 c3 48 63
0x00007ffb48ab6691:   c2 48 ff c0 48 c1 e0 05 48 8b 04 08 0f b7 d0 48
0x00007ffb48ab66a1:   63 c2 41 0f b7 44 c1 42 c3 49 8b 41 08 4c 63 c2
0x00007ffb48ab66b1:   42 0f b6 44 00 04 8d 48 ef 80 f9 01 76 0e 3c 6a
0x00007ffb48ab66c1:   74 0a 48 63 c2 41 0f b7 44 c1 42 c3 43 0f b7 44
0x00007ffb48ab66d1:   c1 42 c3 cc cc cc cc cc cc cc cc cc cc cc cc 40
0x00007ffb48ab66e1:   53 48 83 ec 20 48 8b d9 e8 72 ff ff ff 48 63 d0
0x00007ffb48ab66f1:   0f b7 44 d3 40 48 8b 44 c3 40 48 83 c4 20 5b c3
0x00007ffb48ab6701:   cc cc cc cc cc cc cc cc cc cc cc cc cc cc cc 40
0x00007ffb48ab6711:   53 48 83 ec 20 48 8b d9 e8 42 ff ff ff 48 63 d0
0x00007ffb48ab6721:   0f b7 44 d3 42 48 8b 44 c3 40 48 83 c4 20 5b c3
0x00007ffb48ab6731:   cc cc cc cc cc cc cc cc cc cc cc cc cc cc cc 4c
0x00007ffb48ab6741:   8b d1 45 84 c9 75 23 4c 8b 49 10 4d 85 c9 74 1a
0x00007ffb48ab6751:   45 85 c0 79 03 41 f7 d0 49 63 c0 48 ff c0 48 c1
0x00007ffb48ab6761:   e0 05 4a 8b 04 08 44 0f b7 c0 49 8b 42 08 49 63
0x00007ffb48ab6771:   c8 0f b6 4c 08 04 48 8b c2 88 0a c3 cc cc cc 40
0x00007ffb48ab6781:   56 57 41 54 41 56 41 57 48 83 ec 20 45 8b 30 49
0x00007ffb48ab6791:   8b f0 49 63 f9 4c 8b e2 4c 8b f9 45 85 f6 0f 8e
0x00007ffb48ab67a1:   20 01 00 00 48 89 5c 24 50 33 db 48 89 6c 24 58
0x00007ffb48ab67b1:   48 8b 6c 24 70 45 85 c9 7e 77 8d 47 ff 44 8b cb
0x00007ffb48ab67c1:   85 c0 44 8d 43 03 49 8b cc 44 0f 4f c8 49 63 c1
0x00007ffb48ab67d1:   4c 8b cd 48 8d 04 45 0f 00 00 00 48 c1 e8 03 48
0x00007ffb48ab67e1:   63 d0 e8 e8 ac 39 00 48 8b d0 48 85 c0 74 04 89
0x00007ffb48ab67f1:   38 eb 03 48 8b d3 48 39 5d 08 0f 85 ba 00 00 00
0x00007ffb48ab6801:   85 ff 7e 25 4c 8b c3 4c 8d 4a 04 0f 1f 40 00 48
0x00007ffb48ab6811:   8b 46 18 4d 8d 49 02 42 0f b7 0c 80 49 ff c0 66 


Stack slot to memory mapping:
stack at sp + 0 slots: 0x0000000f157fe7e0 is pointing into the stack for thread: 0x000001fcff824000
stack at sp + 1 slots: 0x0 is NULL
stack at sp + 2 slots: 0x0 is NULL
stack at sp + 3 slots: 0x0 is NULL
stack at sp + 4 slots: 0x0 is NULL
stack at sp + 5 slots: 0x00007ffb48b9f310 jvm.dll
stack at sp + 6 slots: 0x0 is NULL
stack at sp + 7 slots: 0x0000000f157fee90 is pointing into the stack for thread: 0x000001fcff824000


---------------  P R O C E S S  ---------------

Threads class SMR info:
_java_thread_list=0x000001fcff9fb240, length=14, elements={
0x000001fce56fd000, 0x000001fcfecdd800, 0x000001fcfece1000, 0x000001fcfecf7800,
0x000001fcfecf9000, 0x000001fcff644800, 0x000001fcff648800, 0x000001fcff65f800,
0x000001fcfecfc000, 0x000001fcfec78000, 0x000001fcff824000, 0x000001fcff825000,
0x000001fcff829800, 0x000001fcff989800
}

Java Threads: ( => current thread )
  0x000001fce56fd000 JavaThread "main" [_thread_blocked, id=15480, stack(0x0000000f14700000,0x0000000f14800000)]
  0x000001fcfecdd800 JavaThread "Reference Handler" daemon [_thread_blocked, id=13092, stack(0x0000000f14e00000,0x0000000f14f00000)]
  0x000001fcfece1000 JavaThread "Finalizer" daemon [_thread_blocked, id=13260, stack(0x0000000f14f00000,0x0000000f15000000)]
  0x000001fcfecf7800 JavaThread "Signal Dispatcher" daemon [_thread_blocked, id=2648, stack(0x0000000f15000000,0x0000000f15100000)]
  0x000001fcfecf9000 JavaThread "Attach Listener" daemon [_thread_blocked, id=13008, stack(0x0000000f15100000,0x0000000f15200000)]
  0x000001fcff644800 JavaThread "Service Thread" daemon [_thread_blocked, id=13448, stack(0x0000000f15200000,0x0000000f15300000)]
  0x000001fcff648800 JavaThread "C2 CompilerThread0" daemon [_thread_blocked, id=14288, stack(0x0000000f15300000,0x0000000f15400000)]
  0x000001fcff65f800 JavaThread "C1 CompilerThread0" daemon [_thread_blocked, id=14164, stack(0x0000000f15400000,0x0000000f15500000)]
  0x000001fcfecfc000 JavaThread "Sweeper thread" daemon [_thread_blocked, id=5976, stack(0x0000000f15500000,0x0000000f15600000)]
  0x000001fcfec78000 JavaThread "Common-Cleaner" daemon [_thread_blocked, id=13880, stack(0x0000000f15600000,0x0000000f15700000)]
=>0x000001fcff824000 JavaThread "JDWP Transport Listener: dt_socket" daemon [_thread_in_vm, id=248, stack(0x0000000f15700000,0x0000000f15800000)]
  0x000001fcff825000 JavaThread "JDWP Event Helper Thread" daemon [_thread_blocked, id=3796, stack(0x0000000f15800000,0x0000000f15900000)]
  0x000001fcff829800 JavaThread "JDWP Command Reader" daemon [_thread_in_native, id=16080, stack(0x0000000f15900000,0x0000000f15a00000)]
  0x000001fcff989800 JavaThread "Notification Thread" daemon [_thread_blocked, id=14176, stack(0x0000000f15a00000,0x0000000f15b00000)]

Other Threads:
  0x000001fcfecd3800 VMThread "VM Thread" [stack: 0x0000000f14d00000,0x0000000f14e00000] [id=11708]
  0x000001fcff98c800 WatcherThread [stack: 0x0000000f15b00000,0x0000000f15c00000] [id=11624]
  0x000001fce5740000 GCTaskThread "GC Thread#0" [stack: 0x0000000f14800000,0x0000000f14900000] [id=15172]
  0x000001fce5753000 ConcurrentGCThread "G1 Main Marker" [stack: 0x0000000f14900000,0x0000000f14a00000] [id=2348]
  0x000001fce5755000 ConcurrentGCThread "G1 Conc#0" [stack: 0x0000000f14a00000,0x0000000f14b00000] [id=10596]
  0x000001fce57cf800 ConcurrentGCThread "G1 Refine#0" [stack: 0x0000000f14b00000,0x0000000f14c00000] [id=14516]
  0x000001fcfeb10800 ConcurrentGCThread "G1 Young RemSet Sampling" [stack: 0x0000000f14c00000,0x0000000f14d00000] [id=14268]

Threads with active compile tasks:

VM state:not at safepoint (normal execution)

VM Mutex/Monitor currently owned by a thread: None

Heap address: 0x0000000081600000, size: 2026 MB, Compressed Oops mode: 32-bit
Narrow klass base: 0x0000000000000000, Narrow klass shift: 3
Compressed class space size: 1073741824 Address: 0x0000000100000000

Heap:
 garbage-first heap   total 131072K, used 3072K [0x0000000081600000, 0x0000000100000000)
  region size 1024K, 5 young (5120K), 0 survivors (0K)
 Metaspace       used 8114K, capacity 8248K, committed 8320K, reserved 1056768K
  class space    used 803K, capacity 836K, committed 896K, reserved 1048576K
Heap Regions: E=young(eden), S=young(survivor), O=old, HS=humongous(starts), HC=humongous(continues), CS=collection set, F=free, OA=open archive, CA=closed archive, TAMS=top-at-mark-start (previous, next)
|   0|0x0000000081600000, 0x0000000081600000, 0x0000000081700000|  0%| F|  |TAMS 0x0000000081600000, 0x0000000081600000| Untracked 
|   1|0x0000000081700000, 0x0000000081700000, 0x0000000081800000|  0%| F|  |TAMS 0x0000000081700000, 0x0000000081700000| Untracked 
|   2|0x0000000081800000, 0x0000000081800000, 0x0000000081900000|  0%| F|  |TAMS 0x0000000081800000, 0x0000000081800000| Untracked 
|   3|0x0000000081900000, 0x0000000081900000, 0x0000000081a00000|  0%| F|  |TAMS 0x0000000081900000, 0x0000000081900000| Untracked 
|   4|0x0000000081a00000, 0x0000000081a00000, 0x0000000081b00000|  0%| F|  |TAMS 0x0000000081a00000, 0x0000000081a00000| Untracked 
|   5|0x0000000081b00000, 0x0000000081b00000, 0x0000000081c00000|  0%| F|  |TAMS 0x0000000081b00000, 0x0000000081b00000| Untracked 
|   6|0x0000000081c00000, 0x0000000081c00000, 0x0000000081d00000|  0%| F|  |TAMS 0x0000000081c00000, 0x0000000081c00000| Untracked 
|   7|0x0000000081d00000, 0x0000000081d00000, 0x0000000081e00000|  0%| F|  |TAMS 0x0000000081d00000, 0x0000000081d00000| Untracked 
|   8|0x0000000081e00000, 0x0000000081e00000, 0x0000000081f00000|  0%| F|  |TAMS 0x0000000081e00000, 0x0000000081e00000| Untracked 
|   9|0x0000000081f00000, 0x0000000081f00000, 0x0000000082000000|  0%| F|  |TAMS 0x0000000081f00000, 0x0000000081f00000| Untracked 
|  10|0x0000000082000000, 0x0000000082000000, 0x0000000082100000|  0%| F|  |TAMS 0x0000000082000000, 0x0000000082000000| Untracked 
|  11|0x0000000082100000, 0x0000000082100000, 0x0000000082200000|  0%| F|  |TAMS 0x0000000082100000, 0x0000000082100000| Untracked 
|  12|0x0000000082200000, 0x0000000082200000, 0x0000000082300000|  0%| F|  |TAMS 0x0000000082200000, 0x0000000082200000| Untracked 
|  13|0x0000000082300000, 0x0000000082300000, 0x0000000082400000|  0%| F|  |TAMS 0x0000000082300000, 0x0000000082300000| Untracked 
|  14|0x0000000082400000, 0x0000000082400000, 0x0000000082500000|  0%| F|  |TAMS 0x0000000082400000, 0x0000000082400000| Untracked 
|  15|0x0000000082500000, 0x0000000082500000, 0x0000000082600000|  0%| F|  |TAMS 0x0000000082500000, 0x0000000082500000| Untracked 
|  16|0x0000000082600000, 0x0000000082600000, 0x0000000082700000|  0%| F|  |TAMS 0x0000000082600000, 0x0000000082600000| Untracked 
|  17|0x0000000082700000, 0x0000000082700000, 0x0000000082800000|  0%| F|  |TAMS 0x0000000082700000, 0x0000000082700000| Untracked 
|  18|0x0000000082800000, 0x0000000082800000, 0x0000000082900000|  0%| F|  |TAMS 0x0000000082800000, 0x0000000082800000| Untracked 
|  19|0x0000000082900000, 0x0000000082900000, 0x0000000082a00000|  0%| F|  |TAMS 0x0000000082900000, 0x0000000082900000| Untracked 
|  20|0x0000000082a00000, 0x0000000082a00000, 0x0000000082b00000|  0%| F|  |TAMS 0x0000000082a00000, 0x0000000082a00000| Untracked 
|  21|0x0000000082b00000, 0x0000000082b00000, 0x0000000082c00000|  0%| F|  |TAMS 0x0000000082b00000, 0x0000000082b00000| Untracked 
|  22|0x0000000082c00000, 0x0000000082c00000, 0x0000000082d00000|  0%| F|  |TAMS 0x0000000082c00000, 0x0000000082c00000| Untracked 
|  23|0x0000000082d00000, 0x0000000082d00000, 0x0000000082e00000|  0%| F|  |TAMS 0x0000000082d00000, 0x0000000082d00000| Untracked 
|  24|0x0000000082e00000, 0x0000000082e00000, 0x0000000082f00000|  0%| F|  |TAMS 0x0000000082e00000, 0x0000000082e00000| Untracked 
|  25|0x0000000082f00000, 0x0000000082f00000, 0x0000000083000000|  0%| F|  |TAMS 0x0000000082f00000, 0x0000000082f00000| Untracked 
|  26|0x0000000083000000, 0x0000000083000000, 0x0000000083100000|  0%| F|  |TAMS 0x0000000083000000, 0x0000000083000000| Untracked 
|  27|0x0000000083100000, 0x0000000083100000, 0x0000000083200000|  0%| F|  |TAMS 0x0000000083100000, 0x0000000083100000| Untracked 
|  28|0x0000000083200000, 0x0000000083200000, 0x0000000083300000|  0%| F|  |TAMS 0x0000000083200000, 0x0000000083200000| Untracked 
|  29|0x0000000083300000, 0x0000000083300000, 0x0000000083400000|  0%| F|  |TAMS 0x0000000083300000, 0x0000000083300000| Untracked 
|  30|0x0000000083400000, 0x0000000083400000, 0x0000000083500000|  0%| F|  |TAMS 0x0000000083400000, 0x0000000083400000| Untracked 
|  31|0x0000000083500000, 0x0000000083500000, 0x0000000083600000|  0%| F|  |TAMS 0x0000000083500000, 0x0000000083500000| Untracked 
|  32|0x0000000083600000, 0x0000000083600000, 0x0000000083700000|  0%| F|  |TAMS 0x0000000083600000, 0x0000000083600000| Untracked 
|  33|0x0000000083700000, 0x0000000083700000, 0x0000000083800000|  0%| F|  |TAMS 0x0000000083700000, 0x0000000083700000| Untracked 
|  34|0x0000000083800000, 0x0000000083800000, 0x0000000083900000|  0%| F|  |TAMS 0x0000000083800000, 0x0000000083800000| Untracked 
|  35|0x0000000083900000, 0x0000000083900000, 0x0000000083a00000|  0%| F|  |TAMS 0x0000000083900000, 0x0000000083900000| Untracked 
|  36|0x0000000083a00000, 0x0000000083a00000, 0x0000000083b00000|  0%| F|  |TAMS 0x0000000083a00000, 0x0000000083a00000| Untracked 
|  37|0x0000000083b00000, 0x0000000083b00000, 0x0000000083c00000|  0%| F|  |TAMS 0x0000000083b00000, 0x0000000083b00000| Untracked 
|  38|0x0000000083c00000, 0x0000000083c00000, 0x0000000083d00000|  0%| F|  |TAMS 0x0000000083c00000, 0x0000000083c00000| Untracked 
|  39|0x0000000083d00000, 0x0000000083d00000, 0x0000000083e00000|  0%| F|  |TAMS 0x0000000083d00000, 0x0000000083d00000| Untracked 
|  40|0x0000000083e00000, 0x0000000083e00000, 0x0000000083f00000|  0%| F|  |TAMS 0x0000000083e00000, 0x0000000083e00000| Untracked 
|  41|0x0000000083f00000, 0x0000000083f00000, 0x0000000084000000|  0%| F|  |TAMS 0x0000000083f00000, 0x0000000083f00000| Untracked 
|  42|0x0000000084000000, 0x0000000084000000, 0x0000000084100000|  0%| F|  |TAMS 0x0000000084000000, 0x0000000084000000| Untracked 
|  43|0x0000000084100000, 0x0000000084100000, 0x0000000084200000|  0%| F|  |TAMS 0x0000000084100000, 0x0000000084100000| Untracked 
|  44|0x0000000084200000, 0x0000000084200000, 0x0000000084300000|  0%| F|  |TAMS 0x0000000084200000, 0x0000000084200000| Untracked 
|  45|0x0000000084300000, 0x0000000084300000, 0x0000000084400000|  0%| F|  |TAMS 0x0000000084300000, 0x0000000084300000| Untracked 
|  46|0x0000000084400000, 0x0000000084400000, 0x0000000084500000|  0%| F|  |TAMS 0x0000000084400000, 0x0000000084400000| Untracked 
|  47|0x0000000084500000, 0x0000000084500000, 0x0000000084600000|  0%| F|  |TAMS 0x0000000084500000, 0x0000000084500000| Untracked 
|  48|0x0000000084600000, 0x0000000084600000, 0x0000000084700000|  0%| F|  |TAMS 0x0000000084600000, 0x0000000084600000| Untracked 
|  49|0x0000000084700000, 0x0000000084700000, 0x0000000084800000|  0%| F|  |TAMS 0x0000000084700000, 0x0000000084700000| Untracked 
|  50|0x0000000084800000, 0x0000000084800000, 0x0000000084900000|  0%| F|  |TAMS 0x0000000084800000, 0x0000000084800000| Untracked 
|  51|0x0000000084900000, 0x0000000084900000, 0x0000000084a00000|  0%| F|  |TAMS 0x0000000084900000, 0x0000000084900000| Untracked 
|  52|0x0000000084a00000, 0x0000000084a00000, 0x0000000084b00000|  0%| F|  |TAMS 0x0000000084a00000, 0x0000000084a00000| Untracked 
|  53|0x0000000084b00000, 0x0000000084b00000, 0x0000000084c00000|  0%| F|  |TAMS 0x0000000084b00000, 0x0000000084b00000| Untracked 
|  54|0x0000000084c00000, 0x0000000084c00000, 0x0000000084d00000|  0%| F|  |TAMS 0x0000000084c00000, 0x0000000084c00000| Untracked 
|  55|0x0000000084d00000, 0x0000000084d00000, 0x0000000084e00000|  0%| F|  |TAMS 0x0000000084d00000, 0x0000000084d00000| Untracked 
|  56|0x0000000084e00000, 0x0000000084e00000, 0x0000000084f00000|  0%| F|  |TAMS 0x0000000084e00000, 0x0000000084e00000| Untracked 
|  57|0x0000000084f00000, 0x0000000084f00000, 0x0000000085000000|  0%| F|  |TAMS 0x0000000084f00000, 0x0000000084f00000| Untracked 
|  58|0x0000000085000000, 0x0000000085000000, 0x0000000085100000|  0%| F|  |TAMS 0x0000000085000000, 0x0000000085000000| Untracked 
|  59|0x0000000085100000, 0x0000000085100000, 0x0000000085200000|  0%| F|  |TAMS 0x0000000085100000, 0x0000000085100000| Untracked 
|  60|0x0000000085200000, 0x0000000085200000, 0x0000000085300000|  0%| F|  |TAMS 0x0000000085200000, 0x0000000085200000| Untracked 
|  61|0x0000000085300000, 0x0000000085300000, 0x0000000085400000|  0%| F|  |TAMS 0x0000000085300000, 0x0000000085300000| Untracked 
|  62|0x0000000085400000, 0x0000000085400000, 0x0000000085500000|  0%| F|  |TAMS 0x0000000085400000, 0x0000000085400000| Untracked 
|  63|0x0000000085500000, 0x0000000085500000, 0x0000000085600000|  0%| F|  |TAMS 0x0000000085500000, 0x0000000085500000| Untracked 
|  64|0x0000000085600000, 0x0000000085600000, 0x0000000085700000|  0%| F|  |TAMS 0x0000000085600000, 0x0000000085600000| Untracked 
|  65|0x0000000085700000, 0x0000000085700000, 0x0000000085800000|  0%| F|  |TAMS 0x0000000085700000, 0x0000000085700000| Untracked 
|  66|0x0000000085800000, 0x0000000085800000, 0x0000000085900000|  0%| F|  |TAMS 0x0000000085800000, 0x0000000085800000| Untracked 
|  67|0x0000000085900000, 0x0000000085900000, 0x0000000085a00000|  0%| F|  |TAMS 0x0000000085900000, 0x0000000085900000| Untracked 
|  68|0x0000000085a00000, 0x0000000085a00000, 0x0000000085b00000|  0%| F|  |TAMS 0x0000000085a00000, 0x0000000085a00000| Untracked 
|  69|0x0000000085b00000, 0x0000000085b00000, 0x0000000085c00000|  0%| F|  |TAMS 0x0000000085b00000, 0x0000000085b00000| Untracked 
|  70|0x0000000085c00000, 0x0000000085c00000, 0x0000000085d00000|  0%| F|  |TAMS 0x0000000085c00000, 0x0000000085c00000| Untracked 
|  71|0x0000000085d00000, 0x0000000085d00000, 0x0000000085e00000|  0%| F|  |TAMS 0x0000000085d00000, 0x0000000085d00000| Untracked 
|  72|0x0000000085e00000, 0x0000000085e00000, 0x0000000085f00000|  0%| F|  |TAMS 0x0000000085e00000, 0x0000000085e00000| Untracked 
|  73|0x0000000085f00000, 0x0000000085f00000, 0x0000000086000000|  0%| F|  |TAMS 0x0000000085f00000, 0x0000000085f00000| Untracked 
|  74|0x0000000086000000, 0x0000000086000000, 0x0000000086100000|  0%| F|  |TAMS 0x0000000086000000, 0x0000000086000000| Untracked 
|  75|0x0000000086100000, 0x0000000086100000, 0x0000000086200000|  0%| F|  |TAMS 0x0000000086100000, 0x0000000086100000| Untracked 
|  76|0x0000000086200000, 0x0000000086200000, 0x0000000086300000|  0%| F|  |TAMS 0x0000000086200000, 0x0000000086200000| Untracked 
|  77|0x0000000086300000, 0x0000000086300000, 0x0000000086400000|  0%| F|  |TAMS 0x0000000086300000, 0x0000000086300000| Untracked 
|  78|0x0000000086400000, 0x0000000086400000, 0x0000000086500000|  0%| F|  |TAMS 0x0000000086400000, 0x0000000086400000| Untracked 
|  79|0x0000000086500000, 0x0000000086500000, 0x0000000086600000|  0%| F|  |TAMS 0x0000000086500000, 0x0000000086500000| Untracked 
|  80|0x0000000086600000, 0x0000000086600000, 0x0000000086700000|  0%| F|  |TAMS 0x0000000086600000, 0x0000000086600000| Untracked 
|  81|0x0000000086700000, 0x0000000086700000, 0x0000000086800000|  0%| F|  |TAMS 0x0000000086700000, 0x0000000086700000| Untracked 
|  82|0x0000000086800000, 0x0000000086800000, 0x0000000086900000|  0%| F|  |TAMS 0x0000000086800000, 0x0000000086800000| Untracked 
|  83|0x0000000086900000, 0x0000000086900000, 0x0000000086a00000|  0%| F|  |TAMS 0x0000000086900000, 0x0000000086900000| Untracked 
|  84|0x0000000086a00000, 0x0000000086a00000, 0x0000000086b00000|  0%| F|  |TAMS 0x0000000086a00000, 0x0000000086a00000| Untracked 
|  85|0x0000000086b00000, 0x0000000086b00000, 0x0000000086c00000|  0%| F|  |TAMS 0x0000000086b00000, 0x0000000086b00000| Untracked 
|  86|0x0000000086c00000, 0x0000000086c00000, 0x0000000086d00000|  0%| F|  |TAMS 0x0000000086c00000, 0x0000000086c00000| Untracked 
|  87|0x0000000086d00000, 0x0000000086d00000, 0x0000000086e00000|  0%| F|  |TAMS 0x0000000086d00000, 0x0000000086d00000| Untracked 
|  88|0x0000000086e00000, 0x0000000086e00000, 0x0000000086f00000|  0%| F|  |TAMS 0x0000000086e00000, 0x0000000086e00000| Untracked 
|  89|0x0000000086f00000, 0x0000000086f00000, 0x0000000087000000|  0%| F|  |TAMS 0x0000000086f00000, 0x0000000086f00000| Untracked 
|  90|0x0000000087000000, 0x0000000087000000, 0x0000000087100000|  0%| F|  |TAMS 0x0000000087000000, 0x0000000087000000| Untracked 
|  91|0x0000000087100000, 0x0000000087100000, 0x0000000087200000|  0%| F|  |TAMS 0x0000000087100000, 0x0000000087100000| Untracked 
|  92|0x0000000087200000, 0x0000000087200000, 0x0000000087300000|  0%| F|  |TAMS 0x0000000087200000, 0x0000000087200000| Untracked 
|  93|0x0000000087300000, 0x0000000087300000, 0x0000000087400000|  0%| F|  |TAMS 0x0000000087300000, 0x0000000087300000| Untracked 
|  94|0x0000000087400000, 0x0000000087400000, 0x0000000087500000|  0%| F|  |TAMS 0x0000000087400000, 0x0000000087400000| Untracked 
|  95|0x0000000087500000, 0x0000000087500000, 0x0000000087600000|  0%| F|  |TAMS 0x0000000087500000, 0x0000000087500000| Untracked 
|  96|0x0000000087600000, 0x0000000087600000, 0x0000000087700000|  0%| F|  |TAMS 0x0000000087600000, 0x0000000087600000| Untracked 
|  97|0x0000000087700000, 0x0000000087700000, 0x0000000087800000|  0%| F|  |TAMS 0x0000000087700000, 0x0000000087700000| Untracked 
|  98|0x0000000087800000, 0x0000000087800000, 0x0000000087900000|  0%| F|  |TAMS 0x0000000087800000, 0x0000000087800000| Untracked 
|  99|0x0000000087900000, 0x0000000087900000, 0x0000000087a00000|  0%| F|  |TAMS 0x0000000087900000, 0x0000000087900000| Untracked 
| 100|0x0000000087a00000, 0x0000000087a00000, 0x0000000087b00000|  0%| F|  |TAMS 0x0000000087a00000, 0x0000000087a00000| Untracked 
| 101|0x0000000087b00000, 0x0000000087b00000, 0x0000000087c00000|  0%| F|  |TAMS 0x0000000087b00000, 0x0000000087b00000| Untracked 
| 102|0x0000000087c00000, 0x0000000087c00000, 0x0000000087d00000|  0%| F|  |TAMS 0x0000000087c00000, 0x0000000087c00000| Untracked 
| 103|0x0000000087d00000, 0x0000000087d00000, 0x0000000087e00000|  0%| F|  |TAMS 0x0000000087d00000, 0x0000000087d00000| Untracked 
| 104|0x0000000087e00000, 0x0000000087e00000, 0x0000000087f00000|  0%| F|  |TAMS 0x0000000087e00000, 0x0000000087e00000| Untracked 
| 105|0x0000000087f00000, 0x0000000087f00000, 0x0000000088000000|  0%| F|  |TAMS 0x0000000087f00000, 0x0000000087f00000| Untracked 
| 106|0x0000000088000000, 0x0000000088000000, 0x0000000088100000|  0%| F|  |TAMS 0x0000000088000000, 0x0000000088000000| Untracked 
| 107|0x0000000088100000, 0x0000000088100000, 0x0000000088200000|  0%| F|  |TAMS 0x0000000088100000, 0x0000000088100000| Untracked 
| 108|0x0000000088200000, 0x0000000088200000, 0x0000000088300000|  0%| F|  |TAMS 0x0000000088200000, 0x0000000088200000| Untracked 
| 109|0x0000000088300000, 0x0000000088300000, 0x0000000088400000|  0%| F|  |TAMS 0x0000000088300000, 0x0000000088300000| Untracked 
| 110|0x0000000088400000, 0x0000000088400000, 0x0000000088500000|  0%| F|  |TAMS 0x0000000088400000, 0x0000000088400000| Untracked 
| 111|0x0000000088500000, 0x0000000088500000, 0x0000000088600000|  0%| F|  |TAMS 0x0000000088500000, 0x0000000088500000| Untracked 
| 112|0x0000000088600000, 0x0000000088600000, 0x0000000088700000|  0%| F|  |TAMS 0x0000000088600000, 0x0000000088600000| Untracked 
| 113|0x0000000088700000, 0x0000000088700000, 0x0000000088800000|  0%| F|  |TAMS 0x0000000088700000, 0x0000000088700000| Untracked 
| 114|0x0000000088800000, 0x0000000088800000, 0x0000000088900000|  0%| F|  |TAMS 0x0000000088800000, 0x0000000088800000| Untracked 
| 115|0x0000000088900000, 0x0000000088900000, 0x0000000088a00000|  0%| F|  |TAMS 0x0000000088900000, 0x0000000088900000| Untracked 
| 116|0x0000000088a00000, 0x0000000088a00000, 0x0000000088b00000|  0%| F|  |TAMS 0x0000000088a00000, 0x0000000088a00000| Untracked 
| 117|0x0000000088b00000, 0x0000000088b00000, 0x0000000088c00000|  0%| F|  |TAMS 0x0000000088b00000, 0x0000000088b00000| Untracked 
| 118|0x0000000088c00000, 0x0000000088c00000, 0x0000000088d00000|  0%| F|  |TAMS 0x0000000088c00000, 0x0000000088c00000| Untracked 
| 119|0x0000000088d00000, 0x0000000088d00000, 0x0000000088e00000|  0%| F|  |TAMS 0x0000000088d00000, 0x0000000088d00000| Untracked 
| 120|0x0000000088e00000, 0x0000000088e00000, 0x0000000088f00000|  0%| F|  |TAMS 0x0000000088e00000, 0x0000000088e00000| Untracked 
| 121|0x0000000088f00000, 0x0000000088f00000, 0x0000000089000000|  0%| F|  |TAMS 0x0000000088f00000, 0x0000000088f00000| Untracked 
| 122|0x0000000089000000, 0x0000000089000000, 0x0000000089100000|  0%| F|  |TAMS 0x0000000089000000, 0x0000000089000000| Untracked 
| 123|0x0000000089100000, 0x0000000089199c40, 0x0000000089200000| 60%| E|  |TAMS 0x0000000089100000, 0x0000000089100000| Complete 
| 124|0x0000000089200000, 0x0000000089300000, 0x0000000089300000|100%| E|CS|TAMS 0x0000000089200000, 0x0000000089200000| Complete 
| 125|0x0000000089300000, 0x0000000089400000, 0x0000000089400000|100%| E|  |TAMS 0x0000000089300000, 0x0000000089300000| Complete 
| 126|0x0000000089400000, 0x0000000089500000, 0x0000000089500000|100%| E|CS|TAMS 0x0000000089400000, 0x0000000089400000| Complete 
| 127|0x0000000089500000, 0x0000000089600000, 0x0000000089600000|100%| E|CS|TAMS 0x0000000089500000, 0x0000000089500000| Complete 

Card table byte_map: [0x000001fcf7f10000,0x000001fcf8310000] _byte_map_base: 0x000001fcf7b05000

Marking Bits (Prev, Next): (CMBitMap*) 0x000001fce5741aa8, (CMBitMap*) 0x000001fce5741ae8
 Prev Bits: [0x000001fcf8710000, 0x000001fcfa6b8000)
 Next Bits: [0x000001fcfa6c0000, 0x000001fcfc668000)

Polling page: 0x000001fce57e0000

Metaspace:

Usage:
  Non-class:      7.24 MB capacity,     7.14 MB ( 99%) used,    95.14 KB (  1%) free+waste,     5.75 KB ( <1%) overhead. 
      Class:    836.00 KB capacity,   803.01 KB ( 96%) used,    30.37 KB (  4%) free+waste,     2.63 KB ( <1%) overhead. 
       Both:      8.05 MB capacity,     7.92 MB ( 98%) used,   125.51 KB (  2%) free+waste,     8.38 KB ( <1%) overhead. 

Virtual space:
  Non-class space:        8.00 MB reserved,       7.25 MB ( 91%) committed 
      Class space:        1.00 GB reserved,     896.00 KB ( <1%) committed 
             Both:        1.01 GB reserved,       8.13 MB ( <1%) committed 

Chunk freelists:
   Non-Class:  12.00 KB
       Class:  28.00 KB
        Both:  40.00 KB

MaxMetaspaceSize: 17179869184.00 GB
CompressedClassSpaceSize: 1.00 GB

CodeHeap 'non-profiled nmethods': size=120000Kb used=103Kb max_used=103Kb free=119896Kb
 bounds [0x000001fceffb0000, 0x000001fcf0220000, 0x000001fcf74e0000]
CodeHeap 'profiled nmethods': size=120000Kb used=543Kb max_used=543Kb free=119456Kb
 bounds [0x000001fce8a80000, 0x000001fce8cf0000, 0x000001fceffb0000]
CodeHeap 'non-nmethods': size=5760Kb used=1225Kb max_used=1240Kb free=4534Kb
 bounds [0x000001fce84e0000, 0x000001fce8750000, 0x000001fce8a80000]
 total_blobs=761 nmethods=374 adapters=300
 compilation: enabled
              stopped_count=0, restarted_count=0
 full_count=0

Compilation events (20 events):
Event: 3227.974 Thread 0x000001fcff65f800  370       3       java.lang.String::<init> (14 bytes)
Event: 3227.974 Thread 0x000001fcff65f800 nmethod 370 0x000001fce8b05b10 code [0x000001fce8b05cc0, 0x000001fce8b05eb8]
Event: 3227.975 Thread 0x000001fcff65f800  371       3       org.eclipse.jdt.launching.internal.org.objectweb.asm.SymbolTable::hash (10 bytes)
Event: 3227.975 Thread 0x000001fcff65f800 nmethod 371 0x000001fce8b06010 code [0x000001fce8b061c0, 0x000001fce8b062e8]
Event: 3249.434 Thread 0x000001fcff65f800  372       3       org.eclipse.jdt.launching.internal.org.objectweb.asm.ClassReader::readUtf (161 bytes)
Event: 3249.435 Thread 0x000001fcff65f800 

Event: 3249.435 Thread 0x000001fcff65f800  373       3       org.eclipse.jdt.launching.internal.org.objectweb.asm.SymbolTable$Entry::<init> (17 bytes)
Event: 3249.436 Thread 0x000001fcff65f800 nmethod 373 0x000001fce8b06410 code [0x000001fce8b065c0, 0x000001fce8b06748]
Event: 3748.684 Thread 0x000001fcff65f800  374       3       org.eclipse.jdt.launching.internal.org.objectweb.asm.ClassReader::readUtf (161 bytes)
Event: 3748.686 Thread 0x000001fcff65f800 

Event: 4130.245 Thread 0x000001fcff65f800  375       3       org.eclipse.jdt.launching.internal.org.objectweb.asm.SymbolTable::addConstantUtf8 (20 bytes)
Event: 4130.246 Thread 0x000001fcff65f800 nmethod 375 0x000001fce8b06810 code [0x000001fce8b069e0, 0x000001fce8b06d48]
Event: 4186.740 Thread 0x000001fcff648800  376       4       java.util.Arrays::copyOfRange (64 bytes)
Event: 4186.740 Thread 0x000001fcff65f800  377       3       org.eclipse.jdt.launching.internal.org.objectweb.asm.ClassReader::readUtf (161 bytes)
Event: 4186.741 Thread 0x000001fcff65f800 nmethod 377 0x000001fce8b06f10 code [0x000001fce8b07100, 0x000001fce8b076d8]
Event: 4186.743 Thread 0x000001fcff648800 nmethod 376 0x000001fceffc9790 code [0x000001fceffc9940, 0x000001fceffc9bf8]
Event: 6339.890 Thread 0x000001fcff648800  378       4       org.eclipse.jdt.launching.internal.org.objectweb.asm.ClassReader::readUnsignedShort (26 bytes)
Event: 6339.890 Thread 0x000001fcff65f800  379       3       org.eclipse.jdt.launching.internal.org.objectweb.asm.ByteVector::putShort (52 bytes)
Event: 6339.892 Thread 0x000001fcff65f800 nmethod 379 0x000001fce8b07a90 code [0x000001fce8b07c40, 0x000001fce8b07e48]
Event: 6339.892 Thread 0x000001fcff648800 


GC Heap History (0 events):
No events

Deoptimization events (20 events):
Event: 0.637 Thread 0x000001fce56fd000 DEOPT PACKING pc=0x000001fce8ae8c2c sp=0x0000000f147f7ad0
Event: 0.637 Thread 0x000001fce56fd000 DEOPT UNPACKING pc=0x000001fce852964e sp=0x0000000f147f6f98 mode 0
Event: 0.639 Thread 0x000001fce56fd000 DEOPT PACKING pc=0x000001fce8ae8c2c sp=0x0000000f147f7ad0
Event: 0.639 Thread 0x000001fce56fd000 DEOPT UNPACKING pc=0x000001fce852964e sp=0x0000000f147f6f98 mode 0
Event: 0.640 Thread 0x000001fce56fd000 DEOPT PACKING pc=0x000001fce8ae8c2c sp=0x0000000f147f7ad0
Event: 0.640 Thread 0x000001fce56fd000 DEOPT UNPACKING pc=0x000001fce852964e sp=0x0000000f147f6f98 mode 0
Event: 0.640 Thread 0x000001fce56fd000 DEOPT PACKING pc=0x000001fce8ae8c2c sp=0x0000000f147f7ad0
Event: 0.640 Thread 0x000001fce56fd000 DEOPT UNPACKING pc=0x000001fce852964e sp=0x0000000f147f6f98 mode 0
Event: 0.644 Thread 0x000001fce56fd000 DEOPT PACKING pc=0x000001fce8ae8c2c sp=0x0000000f147f7ad0
Event: 0.644 Thread 0x000001fce56fd000 DEOPT UNPACKING pc=0x000001fce852964e sp=0x0000000f147f6f98 mode 0
Event: 0.644 Thread 0x000001fce56fd000 DEOPT PACKING pc=0x000001fce8ae8c2c sp=0x0000000f147f7ad0
Event: 0.644 Thread 0x000001fce56fd000 DEOPT UNPACKING pc=0x000001fce852964e sp=0x0000000f147f6f98 mode 0
Event: 0.644 Thread 0x000001fce56fd000 DEOPT PACKING pc=0x000001fce8ae8c2c sp=0x0000000f147f7ad0
Event: 0.644 Thread 0x000001fce56fd000 DEOPT UNPACKING pc=0x000001fce852964e sp=0x0000000f147f6f98 mode 0
Event: 0.647 Thread 0x000001fce56fd000 DEOPT PACKING pc=0x000001fce8ae8c2c sp=0x0000000f147fb5b0
Event: 0.647 Thread 0x000001fce56fd000 DEOPT UNPACKING pc=0x000001fce852964e sp=0x0000000f147faa78 mode 0
Event: 0.648 Thread 0x000001fce56fd000 DEOPT PACKING pc=0x000001fce8ae8c2c sp=0x0000000f147fb5b0
Event: 0.648 Thread 0x000001fce56fd000 DEOPT UNPACKING pc=0x000001fce852964e sp=0x0000000f147faa78 mode 0
Event: 0.650 Thread 0x000001fce56fd000 DEOPT PACKING pc=0x000001fce8ae8c2c sp=0x0000000f147f7a50
Event: 0.650 Thread 0x000001fce56fd000 DEOPT UNPACKING pc=0x000001fce852964e sp=0x0000000f147f6f18 mode 0

Classes unloaded (0 events):
No events

Classes redefined (7 events):
Event: 220.914 Thread 0x000001fcfecd3800 redefined class name=revisao.main, count=1
Event: 3227.980 Thread 0x000001fcfecd3800 redefined class name=revisao.usuario, count=1
Event: 3249.435 Thread 0x000001fcfecd3800 redefined class name=revisao.usuario, count=2
Event: 3748.685 Thread 0x000001fcfecd3800 redefined class name=revisao.main, count=2
Event: 4130.247 Thread 0x000001fcfecd3800 redefined class name=revisao.main, count=3
Event: 5692.945 Thread 0x000001fcfecd3800 redefined class name=revisao.main, count=4
Event: 6339.891 Thread 0x000001fcfecd3800 redefined class name=revisao.usuario, count=3

Internal exceptions (0 events):
No events

Events (20 events):
Event: 5692.955 Executing VM operation: GetStackTrace
Event: 5692.955 Executing VM operation: GetStackTrace done
Event: 5692.970 Executing VM operation: GetFrameCount
Event: 5692.970 Executing VM operation: GetFrameCount done
Event: 5692.971 Executing VM operation: GetOwnedMonitorInfo
Event: 5692.971 Executing VM operation: GetOwnedMonitorInfo done
Event: 5692.971 Executing VM operation: GetCurrentContendedMonitor
Event: 5692.971 Executing VM operation: GetCurrentContendedMonitor done
Event: 6339.890 Executing VM operation: RedefineClasses
Event: 6339.892 Executing VM operation: RedefineClasses done
Event: 6339.892 Executing VM operation: GetFrameCount
Event: 6339.892 Executing VM operation: GetFrameCount done
Event: 6339.892 Executing VM operation: GetStackTrace
Event: 6339.892 Executing VM operation: GetStackTrace done
Event: 6339.902 Executing VM operation: GetFrameCount
Event: 6339.902 Executing VM operation: GetFrameCount done
Event: 6339.902 Executing VM operation: GetOwnedMonitorInfo
Event: 6339.902 Executing VM operation: GetOwnedMonitorInfo done
Event: 6339.902 Executing VM operation: GetCurrentContendedMonitor
Event: 6339.902 Executing VM operation: GetCurrentContendedMonitor done


Dynamic libraries:
0x00007ff73c230000 - 0x00007ff73c23d000 	C:\Users\User\AppData\Local\Temp\eoi9E47.tmp\plugins\org.eclipse.justj.openjdk.hotspot.jre.minimal.stripped.win32.x86_64_14.0.2.v20200815-0932\jre\bin\javaw.exe
0x00007ffba19f0000 - 0x00007ffba1be5000 	C:\WINDOWS\SYSTEM32\ntdll.dll
0x00007ffb9fa80000 - 0x00007ffb9fb3d000 	C:\WINDOWS\System32\KERNEL32.DLL
0x00007ffb9f4a0000 - 0x00007ffb9f768000 	C:\WINDOWS\System32\KERNELBASE.dll
0x00007ffb9f950000 - 0x00007ffb9fa50000 	C:\WINDOWS\System32\ucrtbase.dll
0x00007ffb9ac50000 - 0x00007ffb9ac68000 	C:\Users\User\AppData\Local\Temp\eoi9E47.tmp\plugins\org.eclipse.justj.openjdk.hotspot.jre.minimal.stripped.win32.x86_64_14.0.2.v20200815-0932\jre\bin\jli.dll
0x00007ffb9ac70000 - 0x00007ffb9ac85000 	C:\Users\User\AppData\Local\Temp\eoi9E47.tmp\plugins\org.eclipse.justj.openjdk.hotspot.jre.minimal.stripped.win32.x86_64_14.0.2.v20200815-0932\jre\bin\VCRUNTIME140.dll
0x00007ffba03c0000 - 0x00007ffba0560000 	C:\WINDOWS\System32\USER32.dll
0x00007ffb9f810000 - 0x00007ffb9f832000 	C:\WINDOWS\System32\win32u.dll
0x00007ffba0db0000 - 0x00007ffba0dda000 	C:\WINDOWS\System32\GDI32.dll
0x00007ffb8c630000 - 0x00007ffb8c8ca000 	C:\WINDOWS\WinSxS\amd64_microsoft.windows.common-controls_6595b64144ccf1df_6.0.19041.844_none_ca00b6081b84eb1d\COMCTL32.dll
0x00007ffb9f840000 - 0x00007ffb9f94b000 	C:\WINDOWS\System32\gdi32full.dll
0x00007ffba0560000 - 0x00007ffba05fe000 	C:\WINDOWS\System32\msvcrt.dll
0x00007ffb9f770000 - 0x00007ffb9f80d000 	C:\WINDOWS\System32\msvcp_win.dll
0x00007ffba0180000 - 0x00007ffba01b0000 	C:\WINDOWS\System32\IMM32.DLL
0x00007ffb682f0000 - 0x00007ffb6838b000 	C:\Users\User\AppData\Local\Temp\eoi9E47.tmp\plugins\org.eclipse.justj.openjdk.hotspot.jre.minimal.stripped.win32.x86_64_14.0.2.v20200815-0932\jre\bin\msvcp140.dll
0x00007ffb488b0000 - 0x00007ffb493ce000 	C:\Users\User\AppData\Local\Temp\eoi9E47.tmp\plugins\org.eclipse.justj.openjdk.hotspot.jre.minimal.stripped.win32.x86_64_14.0.2.v20200815-0932\jre\bin\server\jvm.dll
0x00007ffba00d0000 - 0x00007ffba017c000 	C:\WINDOWS\System32\ADVAPI32.dll
0x00007ffb9ff70000 - 0x00007ffba000b000 	C:\WINDOWS\System32\sechost.dll
0x00007ffba13a0000 - 0x00007ffba14cb000 	C:\WINDOWS\System32\RPCRT4.dll
0x00007ffba00c0000 - 0x00007ffba00c8000 	C:\WINDOWS\System32\PSAPI.DLL
0x00007ffb815a0000 - 0x00007ffb815a9000 	C:\WINDOWS\SYSTEM32\WSOCK32.dll
0x00007ffb8cb90000 - 0x00007ffb8cbb7000 	C:\WINDOWS\SYSTEM32\WINMM.dll
0x00007ffba1250000 - 0x00007ffba12bb000 	C:\WINDOWS\System32\WS2_32.dll
0x00007ffb988e0000 - 0x00007ffb988ea000 	C:\WINDOWS\SYSTEM32\VERSION.dll
0x00007ffb9d050000 - 0x00007ffb9d062000 	C:\WINDOWS\SYSTEM32\kernel.appcore.dll
0x00007ffb996d0000 - 0x00007ffb996da000 	C:\Users\User\AppData\Local\Temp\eoi9E47.tmp\plugins\org.eclipse.justj.openjdk.hotspot.jre.minimal.stripped.win32.x86_64_14.0.2.v20200815-0932\jre\bin\jimage.dll
0x00007ffb81140000 - 0x00007ffb81324000 	C:\WINDOWS\SYSTEM32\DBGHELP.DLL
0x00007ffb810b0000 - 0x00007ffb810dc000 	C:\WINDOWS\SYSTEM32\dbgcore.DLL
0x00007ffb9f230000 - 0x00007ffb9f2b0000 	C:\WINDOWS\System32\bcryptPrimitives.dll
0x00007ffb8a030000 - 0x00007ffb8a068000 	C:\Users\User\AppData\Local\Temp\eoi9E47.tmp\plugins\org.eclipse.justj.openjdk.hotspot.jre.minimal.stripped.win32.x86_64_14.0.2.v20200815-0932\jre\bin\jdwp.dll
0x00007ffb83b80000 - 0x00007ffb83ba5000 	C:\Users\User\AppData\Local\Temp\eoi9E47.tmp\plugins\org.eclipse.justj.openjdk.hotspot.jre.minimal.stripped.win32.x86_64_14.0.2.v20200815-0932\jre\bin\java.dll
0x00007ffb9ac40000 - 0x00007ffb9ac4e000 	C:\Users\User\AppData\Local\Temp\eoi9E47.tmp\plugins\org.eclipse.justj.openjdk.hotspot.jre.minimal.stripped.win32.x86_64_14.0.2.v20200815-0932\jre\bin\instrument.dll
0x00007ffb87110000 - 0x00007ffb87126000 	C:\Users\User\AppData\Local\Temp\eoi9E47.tmp\plugins\org.eclipse.justj.openjdk.hotspot.jre.minimal.stripped.win32.x86_64_14.0.2.v20200815-0932\jre\bin\zip.dll
0x00007ffba0660000 - 0x00007ffba0da2000 	C:\WINDOWS\System32\SHELL32.dll
0x00007ffb9d250000 - 0x00007ffb9d9e1000 	C:\WINDOWS\SYSTEM32\windows.storage.dll
0x00007ffb9fc10000 - 0x00007ffb9ff65000 	C:\WINDOWS\System32\combase.dll
0x00007ffb9eba0000 - 0x00007ffb9ebcc000 	C:\WINDOWS\SYSTEM32\Wldp.dll
0x00007ffba15c0000 - 0x00007ffba166e000 	C:\WINDOWS\System32\SHCORE.dll
0x00007ffba1670000 - 0x00007ffba16c5000 	C:\WINDOWS\System32\shlwapi.dll
0x00007ffb9f070000 - 0x00007ffb9f08f000 	C:\WINDOWS\SYSTEM32\profapi.dll
0x00007ffb9ac30000 - 0x00007ffb9ac3b000 	C:\Users\User\AppData\Local\Temp\eoi9E47.tmp\plugins\org.eclipse.justj.openjdk.hotspot.jre.minimal.stripped.win32.x86_64_14.0.2.v20200815-0932\jre\bin\dt_socket.dll
0x00007ffb9e5b0000 - 0x00007ffb9e5eb000 	C:\WINDOWS\SYSTEM32\IPHLPAPI.DLL
0x00007ffb9e910000 - 0x00007ffb9e97a000 	C:\WINDOWS\system32\mswsock.dll
0x00007ffb9e600000 - 0x00007ffb9e6cc000 	C:\WINDOWS\SYSTEM32\DNSAPI.dll
0x00007ffba1880000 - 0x00007ffba1888000 	C:\WINDOWS\System32\NSI.dll
0x00007ffb88360000 - 0x00007ffb8836a000 	C:\Windows\System32\rasadhlp.dll
0x00007ffb8ad80000 - 0x00007ffb8adff000 	C:\WINDOWS\System32\fwpuclnt.dll
0x00007ffb9f470000 - 0x00007ffb9f497000 	C:\WINDOWS\System32\bcrypt.dll
0x00007ffb840e0000 - 0x00007ffb840f9000 	C:\Users\User\AppData\Local\Temp\eoi9E47.tmp\plugins\org.eclipse.justj.openjdk.hotspot.jre.minimal.stripped.win32.x86_64_14.0.2.v20200815-0932\jre\bin\net.dll
0x00007ffb8d030000 - 0x00007ffb8d13b000 	C:\WINDOWS\SYSTEM32\WINHTTP.dll
0x00007ffb83b60000 - 0x00007ffb83b72000 	C:\Users\User\AppData\Local\Temp\eoi9E47.tmp\plugins\org.eclipse.justj.openjdk.hotspot.jre.minimal.stripped.win32.x86_64_14.0.2.v20200815-0932\jre\bin\nio.dll
0x00007ffb99810000 - 0x00007ffb99820000 	C:\Users\User\AppData\Local\Temp\eoi9E47.tmp\plugins\org.eclipse.justj.openjdk.hotspot.jre.minimal.stripped.win32.x86_64_14.0.2.v20200815-0932\jre\bin\verify.dll

dbghelp: loaded successfully - version: 4.0.5 - missing functions: none
symbol engine: initialized successfully - sym options: 0x614 - pdb path: .;C:\Users\User\AppData\Local\Temp\eoi9E47.tmp\plugins\org.eclipse.justj.openjdk.hotspot.jre.minimal.stripped.win32.x86_64_14.0.2.v20200815-0932\jre\bin;C:\WINDOWS\SYSTEM32;C:\WINDOWS\WinSxS\amd64_microsoft.windows.common-controls_6595b64144ccf1df_6.0.19041.844_none_ca00b6081b84eb1d;C:\Users\User\AppData\Local\Temp\eoi9E47.tmp\plugins\org.eclipse.justj.openjdk.hotspot.jre.minimal.stripped.win32.x86_64_14.0.2.v20200815-0932\jre\bin\server

VM Arguments:
jvm_args: -XX:+ShowCodeDetailsInExceptionMessages -agentlib:jdwp=transport=dt_socket,suspend=y,address=localhost:54237 -javaagent:C:\Users\User\eclipse-installer\java-2020-0912\eclipse\configuration\org.eclipse.osgi\215\0\.cp\lib\javaagent-shaded.jar -Dfile.encoding=Cp1252 
java_command: revisao.main
java_class_path (initial): D:\Users\User\Desktop\mae\alunos\revisao-main\revisao-main\revisao\bin
Launcher Type: SUN_STANDARD

[Global flags]
     intx CICompilerCount                          = 3                                         {product} {ergonomic}
     uint ConcGCThreads                            = 1                                         {product} {ergonomic}
     uint G1ConcRefinementThreads                  = 4                                         {product} {ergonomic}
   size_t G1HeapRegionSize                         = 1048576                                   {product} {ergonomic}
    uintx GCDrainStackTargetSize                   = 64                                        {product} {ergonomic}
   size_t InitialHeapSize                          = 134217728                                 {product} {ergonomic}
   size_t MarkStackSize                            = 4194304                                   {product} {ergonomic}
   size_t MaxHeapSize                              = 2124414976                                {product} {ergonomic}
   size_t MaxNewSize                               = 1274019840                                {product} {ergonomic}
   size_t MinHeapDeltaBytes                        = 1048576                                   {product} {ergonomic}
   size_t MinHeapSize                              = 8388608                                   {product} {ergonomic}
    uintx NonNMethodCodeHeapSize                   = 5832780                                {pd product} {ergonomic}
    uintx NonProfiledCodeHeapSize                  = 122912730                              {pd product} {ergonomic}
    uintx ProfiledCodeHeapSize                     = 122912730                              {pd product} {ergonomic}
    uintx ReservedCodeCacheSize                    = 251658240                              {pd product} {ergonomic}
     bool SegmentedCodeCache                       = true                                      {product} {ergonomic}
     bool ShowCodeDetailsInExceptionMessages       = true                                   {manageable} {command line}
   size_t SoftMaxHeapSize                          = 2124414976                             {manageable} {ergonomic}
     bool UseCompressedClassPointers               = true                                 {lp64_product} {ergonomic}
     bool UseCompressedOops                        = true                                 {lp64_product} {ergonomic}
     bool UseG1GC                                  = true                                      {product} {ergonomic}
     bool UseLargePagesIndividualAllocation        = false                                  {pd product} {ergonomic}

Logging:
Log output configuration:
 #0: stdout all=warning uptime,level,tags
 #1: stderr all=off uptime,level,tags

Environment Variables:
PATH=C:\Users\User\AppData\Local\Temp\eoi9E47.tmp\plugins\org.eclipse.justj.openjdk.hotspot.jre.minimal.stripped.win32.x86_64_14.0.2.v20200815-0932\jre\bin;C:/Users/User/AppData/Local/Temp/eoi9E47.tmp//plugins/org.eclipse.justj.openjdk.hotspot.jre.minimal.stripped.win32.x86_64_14.0.2.v20200815-0932/jre/bin/server;C:/Users/User/AppData/Local/Temp/eoi9E47.tmp//plugins/org.eclipse.justj.openjdk.hotspot.jre.minimal.stripped.win32.x86_64_14.0.2.v20200815-0932/jre/bin;C:\Program Files\Common Files\Oracle\Java\javapath;C:\Program Files (x86)\Common Files\Oracle\Java\javapath;C:\Windows\system32;C:\Windows;C:\Windows\System32\Wbem;C:\Windows\System32\WindowsPowerShell\v1.0\;C:\Windows\System32\OpenSSH\;C:\Program Files (x86)\NVIDIA Corporation\PhysX\Common;C:\Program Files\NVIDIA Corporation\NVIDIA NvDLISR;C:\WINDOWS\system32;C:\WINDOWS;C:\WINDOWS\System32\Wbem;C:\WINDOWS\System32\WindowsPowerShell\v1.0\;C:\WINDOWS\System32\OpenSSH\;C:\Users\User\AppData\Local\Microsoft\WindowsApps;C:\Users\User\AppData\Local\GitHubDesktop\bin;;d:\Users\User\Downloads;
USERNAME=User
OS=Windows_NT
PROCESSOR_IDENTIFIER=Intel64 Family 6 Model 78 Stepping 3, GenuineIntel



---------------  S Y S T E M  ---------------

OS: Windows 10 , 64 bit Build 19041 (10.0.19041.928)
OS uptime: 0 days 18:18 hours

CPU:total 4 (initial active 4) (2 cores per cpu, 2 threads per core) family 6 model 78 stepping 3, cmov, cx8, fxsr, mmx, sse, sse2, sse3, ssse3, sse4.1, sse4.2, popcnt, avx, avx2, aes, clmul, erms, 3dnowpref, lzcnt, ht, tsc, tscinvbit, bmi1, bmi2, adx, fma

Memory: 4k page, system-wide physical 8097M (2696M free)
TotalPageFile size 9377M (AvailPageFile size 2182M)
current process WorkingSet (physical memory assigned to process): 31M, peak: 42M
current process commit charge ("private bytes"): 201M, peak: 202M

vm_info: OpenJDK 64-Bit Server VM (14.0.2+12-46) for windows-amd64 JRE (14.0.2+12-46), built on Jul  9 2020 00:31:16 by "mach5one" with MS VC++ 15.9 (VS2017)

END.
